{"level":"info","ts":1661677279.657258,"caller":"konnect-takehome/main.go:9","msg":"Starting Application...."}
{"level":"info","ts":1661677302.1742258,"caller":"konnect-takehome/main.go:9","msg":"Starting Application...."}
2022/08/28 02:01:42 listen tcp 127.0.0.1:9090: bind: address already in use
exit status 1
{"level":"info","ts":1661677909.99021,"caller":"konnect-takehome/main.go:9","msg":"Starting Application...."}
2022/08/28 02:11:49 listen tcp 127.0.0.1:9090: bind: address already in use
exit status 1
{"level":"info","ts":1661678231.9981272,"caller":"konnect-takehome/main.go:9","msg":"Starting Application...."}
2022/08/28 02:17:12 listen tcp 127.0.0.1:9090: bind: address already in use
exit status 1
{"level":"info","ts":1661679244.96145,"caller":"konnect-takehome/main.go:9","msg":"Starting Application...."}
2022/08/28 02:34:04 listen tcp 127.0.0.1:9090: bind: address already in use
exit status 1
{"level":"info","ts":1661679330.144404,"caller":"konnect-takehome/main.go:9","msg":"Starting Application...."}
2022/08/28 02:35:30 listen tcp 127.0.0.1:9090: bind: address already in use
exit status 1
signal: killed
{"level":"info","ts":1661679526.316385,"caller":"konnect-takehome/main.go:9","msg":"Starting Application...."}
select * from service_packages where service_id = $1
select * from service_packages where service_id = $1
signal: killed
{"level":"info","ts":1661679741.381789,"caller":"konnect-takehome/main.go:9","msg":"Starting Application...."}
select * from service_packages where service_id = $1
select * from service_packages where service_id = $1
signal: killed
{"level":"info","ts":1661679845.8224819,"caller":"konnect-takehome/main.go:9","msg":"Starting Application...."}
0
select * from service_packages where service_id = $1
signal: killed
{"level":"info","ts":1661679900.4756548,"caller":"konnect-takehome/main.go:9","msg":"Starting Application...."}

0
select * from service_packages where service_id = $1
signal: killed
{"level":"info","ts":1661679959.7458339,"caller":"konnect-takehome/main.go:9","msg":"Starting Application...."}

0
select * from service_packages where service_id = $1
signal: killed
{"level":"info","ts":1661680353.406579,"caller":"konnect-takehome/main.go:9","msg":"Starting Application...."}
map[services_id:2001]
id is 0
select * from service_packages where service_id = $1
signal: killed
{"level":"info","ts":1661680462.532215,"caller":"konnect-takehome/main.go:9","msg":"Starting Application...."}

Id in GetServiceById is id is 0
select * from service_packages where service_id = $1
signal: killed
{"level":"info","ts":1661680670.918785,"caller":"konnect-takehome/main.go:9","msg":"Starting Application...."}
2001
Id in GetServiceById is 2001id is 20012001
select * from service_packages where service_id = $1
signal: killed
{"level":"info","ts":1661680807.3636549,"caller":"konnect-takehome/main.go:9","msg":"Starting Application...."}
2001
Id in GetServiceById is 2001Id in GetServiceById is 2001signal: killed
{"level":"info","ts":1661680891.036156,"caller":"konnect-takehome/main.go:9","msg":"Starting Application...."}
Id in GetServiceById is 2001Id in GetServiceById is 2006Id in GetServiceById is 2006{"level":"warn","ts":1661680996.805912,"caller":"schema/serviceRepositoryDb.go:122","msg":"Invalid fitler"}
{"level":"warn","ts":1661681003.485161,"caller":"schema/serviceRepositoryDb.go:122","msg":"Invalid fitler"}
{"level":"warn","ts":1661681053.99732,"caller":"schema/serviceRepositoryDb.go:122","msg":"Invalid fitler"}
{"level":"info","ts":1661683887.742311,"caller":"konnect-takehome/main.go:9","msg":"Starting Application...."}
2022/08/28 03:51:27 listen tcp 127.0.0.1:9090: bind: address already in use
exit status 1
{"level":"info","ts":1661684347.136749,"caller":"konnect-takehome/main.go:9","msg":"Starting Application...."}
2022/08/28 03:59:07 listen tcp 127.0.0.1:9090: bind: address already in use
exit status 1
signal: killed
{"level":"info","ts":1661684366.808511,"caller":"konnect-takehome/main.go:9","msg":"Starting Application...."}
{"level":"info","ts":1661684521.3610098,"caller":"konnect-takehome/main.go:9","msg":"Starting Application...."}
2022/08/28 04:02:01 listen tcp 127.0.0.1:9090: bind: address already in use
exit status 1
signal: killed
{"level":"info","ts":1661684528.114989,"caller":"konnect-takehome/main.go:9","msg":"Starting Application...."}
signal: killed
{"level":"info","ts":1661684591.96145,"caller":"konnect-takehome/main.go:9","msg":"Starting Application...."}
signal: killed
{"level":"info","ts":1661686442.9995399,"caller":"konnect-takehome/main.go:9","msg":"Starting Application...."}
{"level":"warn","ts":1661686448.304518,"caller":"schema/serviceRepositoryDb.go:122","msg":"Invalid fitler"}
signal: killed
{"level":"info","ts":1661686657.507508,"caller":"konnect-takehome/main.go:9","msg":"Starting Application...."}
signal: killed
{"level":"info","ts":1661687026.362339,"caller":"konnect-takehome/main.go:9","msg":"Starting Application...."}
select * from service_packages  order by name offset 0
after findall services [{Id:a81bc81b-dead-4e5d-abff-90865d1e13b1 Name:s1 Description:s1d1 CreatedAt:2020-01-30T13:10:53.163Z UpdatedAt:2020-12-30T13:10:53.163Z} {Id:bc1bc81b-dead-4e5d-abff-90865d1e13b1 Name:s2 Description:s2d2 CreatedAt:2020-02-20T13:10:53.163Z UpdatedAt:2020-12-30T13:10:53.163Z} {Id:de1bc81b-dead-4e5d-abff-90865d1e13b1 Name:s3 Description:s3d3 CreatedAt:2020-03-21T13:10:53.163Z UpdatedAt:2020-12-30T13:10:53.163Z}]signal: killed
{"level":"info","ts":1661687096.459075,"caller":"konnect-takehome/main.go:9","msg":"Starting Application...."}
signal: killed
{"level":"info","ts":1661687203.0015528,"caller":"konnect-takehome/main.go:9","msg":"Starting Application...."}
select * from service_packages  order by name offset 0
after findall services [{Id:a81bc81b-dead-4e5d-abff-90865d1e13b1 Name:s1 Description:s1d1 CreatedAt:2020-01-30T13:10:53.163Z UpdatedAt:2020-12-30T13:10:53.163Z} {Id:bc1bc81b-dead-4e5d-abff-90865d1e13b1 Name:s2 Description:s2d2 CreatedAt:2020-02-20T13:10:53.163Z UpdatedAt:2020-12-30T13:10:53.163Z} {Id:de1bc81b-dead-4e5d-abff-90865d1e13b1 Name:s3 Description:s3d3 CreatedAt:2020-03-21T13:10:53.163Z UpdatedAt:2020-12-30T13:10:53.163Z}]signal: killed
{"level":"info","ts":1661687481.064723,"caller":"konnect-takehome/main.go:9","msg":"Starting Application...."}
signal: killed
{"level":"info","ts":1661687504.770398,"caller":"konnect-takehome/main.go:9","msg":"Starting Application...."}
signal: killed
{"level":"info","ts":1661687650.043181,"caller":"konnect-takehome/main.go:9","msg":"Starting Application...."}
Id in GetServiceById is a81bc81b-dead-4e5d-abff-90865d1e13b1select * from service_packages where service_id = $1
after findServiceSql services {Id:a81bc81b-dead-4e5d-abff-90865d1e13b1 Name:s1 Description:s1d1 CreatedAt:2020-01-30T13:10:53.163Z UpdatedAt:2020-12-30T13:10:53.163Z}select * from service_packages  order by name offset 0
after findall services [{Id:a81bc81b-dead-4e5d-abff-90865d1e13b1 Name:s1 Description:s1d1 CreatedAt:2020-01-30T13:10:53.163Z UpdatedAt:2020-12-30T13:10:53.163Z} {Id:bc1bc81b-dead-4e5d-abff-90865d1e13b1 Name:s2 Description:s2d2 CreatedAt:2020-02-20T13:10:53.163Z UpdatedAt:2020-12-30T13:10:53.163Z} {Id:de1bc81b-dead-4e5d-abff-90865d1e13b1 Name:s3 Description:s3d3 CreatedAt:2020-03-21T13:10:53.163Z UpdatedAt:2020-12-30T13:10:53.163Z}]name=s1
{"level":"warn","ts":1661687853.3129091,"caller":"schema/serviceRepositoryDb.go:127","msg":"Invalid fitler"}
select * from service_packages  order by name offset 0
after findall services [{Id:a81bc81b-dead-4e5d-abff-90865d1e13b1 Name:s1 Description:s1d1 CreatedAt:2020-01-30T13:10:53.163Z UpdatedAt:2020-12-30T13:10:53.163Z} {Id:bc1bc81b-dead-4e5d-abff-90865d1e13b1 Name:s2 Description:s2d2 CreatedAt:2020-02-20T13:10:53.163Z UpdatedAt:2020-12-30T13:10:53.163Z} {Id:de1bc81b-dead-4e5d-abff-90865d1e13b1 Name:s3 Description:s3d3 CreatedAt:2020-03-21T13:10:53.163Z UpdatedAt:2020-12-30T13:10:53.163Z}]name like s
select * from service_packages where name like '%s%'  order by name offset 0
after findall services [{Id:a81bc81b-dead-4e5d-abff-90865d1e13b1 Name:s1 Description:s1d1 CreatedAt:2020-01-30T13:10:53.163Z UpdatedAt:2020-12-30T13:10:53.163Z} {Id:bc1bc81b-dead-4e5d-abff-90865d1e13b1 Name:s2 Description:s2d2 CreatedAt:2020-02-20T13:10:53.163Z UpdatedAt:2020-12-30T13:10:53.163Z} {Id:de1bc81b-dead-4e5d-abff-90865d1e13b1 Name:s3 Description:s3d3 CreatedAt:2020-03-21T13:10:53.163Z UpdatedAt:2020-12-30T13:10:53.163Z}]name like s1
select * from service_packages where name like '%s1%'  order by name offset 0
after findall services [{Id:a81bc81b-dead-4e5d-abff-90865d1e13b1 Name:s1 Description:s1d1 CreatedAt:2020-01-30T13:10:53.163Z UpdatedAt:2020-12-30T13:10:53.163Z}]Id in GetServiceById is a81bc81b-dead-4e5d-abff-90865d1e13b1select * from service_packages where service_id = $1
after findServiceSql services {Id:a81bc81b-dead-4e5d-abff-90865d1e13b1 Name:s1 Description:s1d1 CreatedAt:2020-01-30T13:10:53.163Z UpdatedAt:2020-12-30T13:10:53.163Z}Id in GetServiceById is a81bc81b-dead-4e5d-abff-90865d1e13b1select * from service_packages where service_id = $1
after findServiceSql services {Id:a81bc81b-dead-4e5d-abff-90865d1e13b1 Name:s1 Description:s1d1 CreatedAt:2020-01-30T13:10:53.163Z UpdatedAt:2020-12-30T13:10:53.163Z}Id in GetServiceById is a81bc81b-dead-4e5d-abff-90865d1e13b1select * from service_packages where service_id = $1
after findServiceSql services {Id:a81bc81b-dead-4e5d-abff-90865d1e13b1 Name:s1 Description:s1d1 CreatedAt:2020-01-30T13:10:53.163Z UpdatedAt:2020-12-30T13:10:53.163Z}Id in GetServiceById is a81bc81b-dead-4e5d-abff-90865d1e13b1select * from service_packages where service_id = $1
after findServiceSql services {Id:a81bc81b-dead-4e5d-abff-90865d1e13b1 Name:s1 Description:s1d1 CreatedAt:2020-01-30T13:10:53.163Z UpdatedAt:2020-12-30T13:10:53.163Z}Id in GetServiceById is a81bc81b-dead-4e5d-abff-90865d1e13b1select * from service_packages where service_id = $1
after findServiceSql services {Id:a81bc81b-dead-4e5d-abff-90865d1e13b1 Name:s1 Description:s1d1 CreatedAt:2020-01-30T13:10:53.163Z UpdatedAt:2020-12-30T13:10:53.163Z}signal: killed
{"level":"info","ts":1661688330.5729332,"caller":"konnect-takehome/main.go:9","msg":"Starting Application...."}
Id in GetServiceById is a81bc81b-dead-4e5d-abff-90865d1e13b1select * from service_packages where service_id = $1
after findServiceSql services {Id:a81bc81b-dead-4e5d-abff-90865d1e13b1 Name:service1name Description:servi description whatever CreatedAt:2022-08-28T12:03:14Z UpdatedAt:2022-08-28T12:03:14Z}Id in GetServiceById is a81bc81b-dead-4e5d-abff-90865d1e13b1select * from service_packages where service_id = $1
after findServiceSql services {Id:a81bc81b-dead-4e5d-abff-90865d1e13b1 Name:service1name1 Description:servi description whatever CreatedAt:2022-08-28T12:06:00Z UpdatedAt:2022-08-28T12:06:00Z}signal: killed
{"level":"info","ts":1661692658.073021,"caller":"konnect-takehome/main.go:9","msg":"Starting Application...."}
Id in GetServiceById is a81bc81b-dead-4e5d-abff-90865d1e13b1select * from service_packages where service_id = $1
after findServiceSql services {Id:a81bc81b-dead-4e5d-abff-90865d1e13b1 Name:service1name1 Description:servi description whatever CreatedAt:2022-08-28T12:06:18Z UpdatedAt:2022-08-28T12:06:18Z}select * from service_packages  order by name offset 0
after findall services [{Id:bc1bc81b-dead-4e5d-abff-90865d1e13b1 Name:s2 Description:s2d2 CreatedAt:2020-02-20T13:10:53.163Z UpdatedAt:2020-12-30T13:10:53.163Z} {Id:de1bc81b-dead-4e5d-abff-90865d1e13b1 Name:s3 Description:s3d3 CreatedAt:2020-03-21T13:10:53.163Z UpdatedAt:2020-12-30T13:10:53.163Z} {Id:a81bc81b-dead-4e5d-abff-90865d1e13b1 Name:service1name1 Description:This service is for demo CreatedAt:2022-08-28T13:18:20Z UpdatedAt:2022-08-28T13:18:20Z}]signal: killed
{"level":"info","ts":1661692850.145491,"caller":"konnect-takehome/main.go:9","msg":"Starting Application...."}
select * from service_packages  order by name offset 0 limit 1
after findall services [{Id:bc1bc81b-dead-4e5d-abff-90865d1e13b1 Name:s2 Description:s2d2 CreatedAt:2020-02-20T13:10:53.163Z UpdatedAt:2020-12-30T13:10:53.163Z}]select * from service_packages  order by name offset 0
after findall services [{Id:bc1bc81b-dead-4e5d-abff-90865d1e13b1 Name:s2 Description:s2d2 CreatedAt:2020-02-20T13:10:53.163Z UpdatedAt:2020-12-30T13:10:53.163Z} {Id:de1bc81b-dead-4e5d-abff-90865d1e13b1 Name:s3 Description:s3d3 CreatedAt:2020-03-21T13:10:53.163Z UpdatedAt:2020-12-30T13:10:53.163Z} {Id:a81bc81b-dead-4e5d-abff-90865d1e13b1 Name:service1name1 Description:This service is for demo CreatedAt:2022-08-28T13:18:20Z UpdatedAt:2022-08-28T13:18:20Z}]select * from service_packages  order by name offset 2
after findall services [{Id:a81bc81b-dead-4e5d-abff-90865d1e13b1 Name:service1name1 Description:This service is for demo CreatedAt:2022-08-28T13:18:20Z UpdatedAt:2022-08-28T13:18:20Z}]select * from service_packages  order by name offset 0
after findall services [{Id:bc1bc81b-dead-4e5d-abff-90865d1e13b1 Name:s2 Description:s2d2 CreatedAt:2020-02-20T13:10:53.163Z UpdatedAt:2020-12-30T13:10:53.163Z} {Id:de1bc81b-dead-4e5d-abff-90865d1e13b1 Name:s3 Description:s3d3 CreatedAt:2020-03-21T13:10:53.163Z UpdatedAt:2020-12-30T13:10:53.163Z} {Id:a81bc81b-dead-4e5d-abff-90865d1e13b1 Name:service1name1 Description:This service is for demo CreatedAt:2022-08-28T13:18:20Z UpdatedAt:2022-08-28T13:18:20Z}]signal: killed
